<?xml version="1.0" encoding="UTF-8"?>
<!-- Generated by org.testng.reporters.JUnitReportReporter -->
<testsuite hostname="LTIN447372" failures="0" tests="1" name="wvTest.leadCreationTest" time="92.224" errors="0" timestamp="2024-10-17T16:23:36 IST" skipped="0">
  <testcase classname="wvTest.leadCreationTest" name="createLead" time="92.224"/>
</testsuite> <!-- wvTest.leadCreationTest -->
