<?xml version="1.0" encoding="UTF-8"?>
<!-- Generated by org.testng.reporters.JUnitReportReporter -->
<testsuite hostname="LTIN447372" failures="0" tests="1" name="wvTest.motivationCodeTest" time="33.296" errors="0" timestamp="2025-06-12T14:03:43 IST" skipped="0">
  <testcase classname="wvTest.motivationCodeTest" name="motivation_code" time="33.296"/>
</testsuite> <!-- wvTest.motivationCodeTest -->
