<?xml version="1.0" encoding="UTF-8"?>
<!-- Generated by org.testng.reporters.JUnitReportReporter -->
<testsuite hostname="LTIN447372" failures="0" tests="1" name="wvTest.scoringModelTest" time="121.992" errors="0" timestamp="2024-10-17T16:18:17 IST" skipped="0">
  <testcase classname="wvTest.scoringModelTest" name="createScoringModel" time="121.992"/>
</testsuite> <!-- wvTest.scoringModelTest -->
