<?xml version="1.0" encoding="UTF-8"?>
<!-- Generated by org.testng.reporters.JUnitReportReporter -->
<testsuite hostname="LTIN447372" failures="0" tests="1" name="WVtestCase.WVtestNg" time="75.399" errors="0" timestamp="2024-08-07T21:06:13 IST" skipped="0">
  <testcase classname="WVtestCase.WVtestNg" name="CreatingCamp" time="75.399"/>
</testsuite> <!-- WVtestCase.WVtestNg -->
